# JRE version: Java(TM) SE Runtime Environment (8.0_121-b13) (build 1.8.0_121-b13)
# Java VM: Java HotSpot(TM) 64-Bit Server VM (25.121-b13 mixed mode windows-amd64 compressed oops)
Heap:
 PSYoungGen      total 76288K, used 45406K [0x000000076ae00000, 0x0000000770300000, 0x00000007c0000000)
  eden space 65536K, 62% used [0x000000076ae00000,0x000000076d5cbf30,0x000000076ee00000)
  from space 10752K, 43% used [0x000000076f880000,0x000000076fd0b8d0,0x0000000770300000)
  to   space 10752K, 0% used [0x000000076ee00000,0x000000076ee00000,0x000000076f880000)
 ParOldGen       total 175104K, used 36904K [0x00000006c0a00000, 0x00000006cb500000, 0x000000076ae00000)
  object space 175104K, 21% used [0x00000006c0a00000,0x00000006c2e0a030,0x00000006cb500000)
 Metaspace       used 11720K, capacity 12039K, committed 12288K, reserved 1060864K
  class space    used 1085K, capacity 1175K, committed 1280K, reserved 1048576K
GC Heap History (8 events):
Event: 3.285 GC heap before
{Heap before GC invocations=1 (full 0):
 PSYoungGen      total 76288K, used 65536K [0x000000076ae00000, 0x0000000770300000, 0x00000007c0000000)
  eden space 65536K, 100% used [0x000000076ae00000,0x000000076ee00000,0x000000076ee00000)
  from space 10752K, 0% used [0x000000076f880000,0x000000076f880000,0x0000000770300000)
  to   space 10752K, 0% used [0x000000076ee00000,0x000000076ee00000,0x000000076f880000)
 ParOldGen       total 175104K, used 0K [0x00000006c0a00000, 0x00000006cb500000, 0x000000076ae00000)
  object space 175104K, 0% used [0x00000006c0a00000,0x00000006c0a00000,0x00000006cb500000)
 Metaspace       used 10765K, capacity 11019K, committed 11392K, reserved 1058816K
  class space    used 958K, capacity 1037K, committed 1152K, reserved 1048576K
Event: 3.289 GC heap after
Heap after GC invocations=1 (full 0):
 PSYoungGen      total 76288K, used 5194K [0x000000076ae00000, 0x0000000770300000, 0x00000007c0000000)
  eden space 65536K, 0% used [0x000000076ae00000,0x000000076ae00000,0x000000076ee00000)
  from space 10752K, 48% used [0x000000076ee00000,0x000000076f312b60,0x000000076f880000)
  to   space 10752K, 0% used [0x000000076f880000,0x000000076f880000,0x0000000770300000)
 ParOldGen       total 175104K, used 16K [0x00000006c0a00000, 0x00000006cb500000, 0x000000076ae00000)
  object space 175104K, 0% used [0x00000006c0a00000,0x00000006c0a04000,0x00000006cb500000)
 Metaspace       used 10765K, capacity 11019K, committed 11392K, reserved 1058816K
  class space    used 958K, capacity 1037K, committed 1152K, reserved 1048576K
}
Event: 3.695 GC heap before
{Heap before GC invocations=2 (full 0):
 PSYoungGen      total 76288K, used 70730K [0x000000076ae00000, 0x0000000770300000, 0x00000007c0000000)
  eden space 65536K, 100% used [0x000000076ae00000,0x000000076ee00000,0x000000076ee00000)
  from space 10752K, 48% used [0x000000076ee00000,0x000000076f312b60,0x000000076f880000)
  to   space 10752K, 0% used [0x000000076f880000,0x000000076f880000,0x0000000770300000)
 ParOldGen       total 175104K, used 16K [0x00000006c0a00000, 0x00000006cb500000, 0x000000076ae00000)
  object space 175104K, 0% used [0x00000006c0a00000,0x00000006c0a04000,0x00000006cb500000)
 Metaspace       used 10796K, capacity 11019K, committed 11392K, reserved 1058816K
  class space    used 960K, capacity 1037K, committed 1152K, reserved 1048576K
Event: 3.698 GC heap after
Heap after GC invocations=2 (full 0):
 PSYoungGen      total 76288K, used 5631K [0x000000076ae00000, 0x0000000770300000, 0x00000007c0000000)
  eden space 65536K, 0% used [0x000000076ae00000,0x000000076ae00000,0x000000076ee00000)
  from space 10752K, 52% used [0x000000076f880000,0x000000076fdffcc0,0x0000000770300000)
  to   space 10752K, 0% used [0x000000076ee00000,0x000000076ee00000,0x000000076f880000)
 ParOldGen       total 175104K, used 24K [0x00000006c0a00000, 0x00000006cb500000, 0x000000076ae00000)
  object space 175104K, 0% used [0x00000006c0a00000,0x00000006c0a06000,0x00000006cb500000)
 Metaspace       used 10796K, capacity 11019K, committed 11392K, reserved 1058816K
  class space    used 960K, capacity 1037K, committed 1152K, reserved 1048576K
}
Event: 4.174 GC heap before
{Heap before GC invocations=3 (full 0):
 PSYoungGen      total 76288K, used 69676K [0x000000076ae00000, 0x0000000770300000, 0x00000007c0000000)
  eden space 65536K, 97% used [0x000000076ae00000,0x000000076ec8b4d0,0x000000076ee00000)
  from space 10752K, 52% used [0x000000076f880000,0x000000076fdffcc0,0x0000000770300000)
  to   space 10752K, 0% used [0x000000076ee00000,0x000000076ee00000,0x000000076f880000)
 ParOldGen       total 175104K, used 24K [0x00000006c0a00000, 0x00000006cb500000, 0x000000076ae00000)
  object space 175104K, 0% used [0x00000006c0a00000,0x00000006c0a06000,0x00000006cb500000)
 Metaspace       used 10802K, capacity 11019K, committed 11392K, reserved 1058816K
  class space    used 960K, capacity 1037K, committed 1152K, reserved 1048576K
Event: 4.176 GC heap after
Heap after GC invocations=3 (full 0):
 PSYoungGen      total 76288K, used 4646K [0x000000076ae00000, 0x0000000770300000, 0x00000007c0000000)
  eden space 65536K, 0% used [0x000000076ae00000,0x000000076ae00000,0x000000076ee00000)
  from space 10752K, 43% used [0x000000076ee00000,0x000000076f289b08,0x000000076f880000)
  to   space 10752K, 0% used [0x000000076f880000,0x000000076f880000,0x0000000770300000)
 ParOldGen       total 175104K, used 32K [0x00000006c0a00000, 0x00000006cb500000, 0x000000076ae00000)
  object space 175104K, 0% used [0x00000006c0a00000,0x00000006c0a08000,0x00000006cb500000)
 Metaspace       used 10802K, capacity 11019K, committed 11392K, reserved 1058816K
  class space    used 960K, capacity 1037K, committed 1152K, reserved 1048576K
}
Event: 4.623 GC heap before
{Heap before GC invocations=4 (full 0):
 PSYoungGen      total 76288K, used 68194K [0x000000076ae00000, 0x0000000770300000, 0x00000007c0000000)
  eden space 65536K, 96% used [0x000000076ae00000,0x000000076ec0ed70,0x000000076ee00000)
  from space 10752K, 43% used [0x000000076ee00000,0x000000076f289b08,0x000000076f880000)
  to   space 10752K, 0% used [0x000000076f880000,0x000000076f880000,0x0000000770300000)
 ParOldGen       total 175104K, used 32K [0x00000006c0a00000, 0x00000006cb500000, 0x000000076ae00000)
  object space 175104K, 0% used [0x00000006c0a00000,0x00000006c0a08000,0x00000006cb500000)
 Metaspace       used 10803K, capacity 11019K, committed 11392K, reserved 1058816K
  class space    used 960K, capacity 1037K, committed 1152K, reserved 1048576K
Event: 4.631 GC heap after
Heap after GC invocations=4 (full 0):
 PSYoungGen      total 76288K, used 4654K [0x000000076ae00000, 0x0000000770300000, 0x00000007c0000000)
  eden space 65536K, 0% used [0x000000076ae00000,0x000000076ae00000,0x000000076ee00000)
  from space 10752K, 43% used [0x000000076f880000,0x000000076fd0b8d0,0x0000000770300000)
  to   space 10752K, 0% used [0x000000076ee00000,0x000000076ee00000,0x000000076f880000)
 ParOldGen       total 175104K, used 36904K [0x00000006c0a00000, 0x00000006cb500000, 0x000000076ae00000)
  object space 175104K, 21% used [0x00000006c0a00000,0x00000006c2e0a030,0x00000006cb500000)
 Metaspace       used 10803K, capacity 11019K, committed 11392K, reserved 1058816K
  class space    used 960K, capacity 1037K, committed 1152K, reserved 1048576K
}

